2025-03-17 18:13:38: SQLSTATE[22007]: Invalid datetime format: 1292 Incorrect datetime value: '' for column `animalcare`.`mensajesemail`.`fechaHoraUltimoEnvio` at row 1
INSERT INTO mensajesemail (idUsuario,asunto,destinatarios,destinatariosCC,destinatariosCCO,cuerpoMensaje,fechaHoraCreacion,fechaHoraUltimoEnvio,enviado,error,mensajeError) VALUES (:idUsuario,:asunto,:destinatarios,:destinatariosCC,:destinatariosCCO,:cuerpoMensaje,:fechaHoraCreacion,:fechaHoraUltimoEnvio,:enviado,:error,:mensajeError)

2025-03-17 18:13:38: SQLSTATE[22007]: Invalid datetime format: 1292 Incorrect datetime value: '' for column `animalcare`.`mensajesemail`.`fechaHoraUltimoEnvio` at row 1
INSERT INTO mensajesemail (idUsuario,asunto,destinatarios,destinatariosCC,destinatariosCCO,cuerpoMensaje,fechaHoraCreacion,fechaHoraUltimoEnvio,enviado,error,mensajeError) VALUES (:idUsuario,:asunto,:destinatarios,:destinatariosCC,:destinatariosCCO,:cuerpoMensaje,:fechaHoraCreacion,:fechaHoraUltimoEnvio,:enviado,:error,:mensajeError)

2025-03-17 18:14:03: SQLSTATE[22007]: Invalid datetime format: 1292 Incorrect datetime value: '' for column `animalcare`.`mensajesemail`.`fechaHoraUltimoEnvio` at row 1
INSERT INTO mensajesemail (idUsuario,asunto,destinatarios,destinatariosCC,destinatariosCCO,cuerpoMensaje,fechaHoraCreacion,fechaHoraUltimoEnvio,enviado,error,mensajeError) VALUES (:idUsuario,:asunto,:destinatarios,:destinatariosCC,:destinatariosCCO,:cuerpoMensaje,:fechaHoraCreacion,:fechaHoraUltimoEnvio,:enviado,:error,:mensajeError)

2025-03-17 18:14:03: SQLSTATE[22007]: Invalid datetime format: 1292 Incorrect datetime value: '' for column `animalcare`.`mensajesemail`.`fechaHoraUltimoEnvio` at row 1
INSERT INTO mensajesemail (idUsuario,asunto,destinatarios,destinatariosCC,destinatariosCCO,cuerpoMensaje,fechaHoraCreacion,fechaHoraUltimoEnvio,enviado,error,mensajeError) VALUES (:idUsuario,:asunto,:destinatarios,:destinatariosCC,:destinatariosCCO,:cuerpoMensaje,:fechaHoraCreacion,:fechaHoraUltimoEnvio,:enviado,:error,:mensajeError)

2025-03-20 21:18:10: SQLSTATE[22003]: Numeric value out of range: 1264 Out of range value for column 'numeroChip' at row 1
INSERT INTO mascotas (nombreTutor,telefonoMovil,email,nif,numeroChip,nombreMascota,fechaNacimiento,especie,raza,sexo,expedienteAnimal,observaciones,alergias) VALUES (:nombreTutor,:telefonoMovil,:email,:nif,:numeroChip,:nombreMascota,:fechaNacimiento,:especie,:raza,:sexo,:expedienteAnimal,:observaciones,:alergias)

2025-03-20 21:19:36: SQLSTATE[22003]: Numeric value out of range: 1264 Out of range value for column 'numeroChip' at row 1
INSERT INTO mascotas (nombreTutor,telefonoMovil,email,nif,numeroChip,nombreMascota,fechaNacimiento,especie,raza,sexo,expedienteAnimal,observaciones,alergias) VALUES (:nombreTutor,:telefonoMovil,:email,:nif,:numeroChip,:nombreMascota,:fechaNacimiento,:especie,:raza,:sexo,:expedienteAnimal,:observaciones,:alergias)

2025-03-20 21:19:37: SQLSTATE[22003]: Numeric value out of range: 1264 Out of range value for column 'numeroChip' at row 1
INSERT INTO mascotas (nombreTutor,telefonoMovil,email,nif,numeroChip,nombreMascota,fechaNacimiento,especie,raza,sexo,expedienteAnimal,observaciones,alergias) VALUES (:nombreTutor,:telefonoMovil,:email,:nif,:numeroChip,:nombreMascota,:fechaNacimiento,:especie,:raza,:sexo,:expedienteAnimal,:observaciones,:alergias)

2025-03-20 21:22:38: SQLSTATE[22003]: Numeric value out of range: 1264 Out of range value for column 'telefonoMovil' at row 1
INSERT INTO mascotas (nombreTutor,telefonoMovil,email,nif,numeroChip,nombreMascota,fechaNacimiento,especie,raza,sexo,expedienteAnimal,observaciones,alergias) VALUES (:nombreTutor,:telefonoMovil,:email,:nif,:numeroChip,:nombreMascota,:fechaNacimiento,:especie,:raza,:sexo,:expedienteAnimal,:observaciones,:alergias)

2025-03-20 21:55:28: SQLSTATE[42S22]: Column not found: 1054 Unknown column 'um.id' in 'field list'

        SELECT
            um.id,
            um.nombreMascota,
            um.nombreTutor,
            um.email,
            um.telefonoMovil
     
        FROM
            consultas ucv
        WHERE ucv.id IN (1,2,3,4,5,6,7,8,9,10,11)
         ORDER BY cv.idMascota ASC, cv.fechaHora ASC LIMIT 15 OFFSET 0

2025-03-20 23:39:42: SQLSTATE[42S22]: Column not found: 1054 Unknown column 'um.fechaHora' in 'order clause'

        SELECT
            um.id,
            um.nombreMascota,
            um.nombreTutor,
            um.email,
            um.telefonoMovil
     
        FROM
            mascotas um
        WHERE um.id IN (10005,1,10006,10007,10004)
         ORDER BY um.fechaHora asc LIMIT 15 OFFSET 0

2025-03-20 23:39:43: SQLSTATE[42S22]: Column not found: 1054 Unknown column 'um.fechaHora' in 'order clause'

        SELECT
            um.id,
            um.nombreMascota,
            um.nombreTutor,
            um.email,
            um.telefonoMovil
     
        FROM
            mascotas um
        WHERE um.id IN (10005,1,10006,10007,10004)
         ORDER BY um.fechaHora desc LIMIT 15 OFFSET 0

2025-03-20 23:39:49: SQLSTATE[42S22]: Column not found: 1054 Unknown column 'um.motivoConsulta' in 'order clause'

        SELECT
            um.id,
            um.nombreMascota,
            um.nombreTutor,
            um.email,
            um.telefonoMovil
     
        FROM
            mascotas um
        WHERE um.id IN (10005,1,10006,10007,10004)
         ORDER BY um.motivoConsulta asc LIMIT 15 OFFSET 0

2025-03-20 23:39:50: SQLSTATE[42S22]: Column not found: 1054 Unknown column 'um.fechaHora' in 'order clause'

        SELECT
            um.id,
            um.nombreMascota,
            um.nombreTutor,
            um.email,
            um.telefonoMovil
     
        FROM
            mascotas um
        WHERE um.id IN (10005,1,10006,10007,10004)
         ORDER BY um.fechaHora asc LIMIT 15 OFFSET 0

2025-03-20 23:39:51: SQLSTATE[42S22]: Column not found: 1054 Unknown column 'um.idMascota' in 'order clause'

        SELECT
            um.id,
            um.nombreMascota,
            um.nombreTutor,
            um.email,
            um.telefonoMovil
     
        FROM
            mascotas um
        WHERE um.id IN (10005,1,10006,10007,10004)
         ORDER BY um.idMascota asc LIMIT 15 OFFSET 0

2025-03-23 10:43:28: SQLSTATE[42S22]: Column not found: 1054 Unknown column 'um.motivoConsulta' in 'order clause'

        SELECT
            um.id,
            um.nombreMascota,
            um.nombreTutor,
            um.email,
            um.telefonoMovil
     
        FROM
            mascotas um
        WHERE um.id IN (10005,1,10006,10007,10004)
         ORDER BY um.motivoConsulta asc LIMIT 15 OFFSET 0

2025-03-23 19:15:39: SQLSTATE[42000]: Syntax error or access violation: 1064 You have an error in your SQL syntax; check the manual that corresponds to your MariaDB server version for the right syntax to use near 'AND 
            m.idMascota LIKE '%berlin%'
            OR m.nombreTutor L...' at line 5

        SELECT
            DISTINCT(m.id)
        FROM 
            mascotas m                
     AND 
            m.idMascota LIKE :textoBusqueda
            OR m.nombreTutor LIKE :textoBusqueda
            OR m.email LIKE :textoBusqueda
            OR m.telefonoMovil LIKE :textoBusqueda
        )

2025-03-24 17:16:30: SQLSTATE[42S22]: Column not found: 1054 Unknown column 'idUsuario' in 'where clause'
SELECT * FROM consultas WHERE idUsuario = :idUsuario 

2025-03-24 17:25:40: SQLSTATE[42S22]: Column not found: 1054 Unknown column 'idUsuario' in 'where clause'
SELECT * FROM consultas WHERE idUsuario = :idUsuario 

2025-03-24 17:26:20: SQLSTATE[42S22]: Column not found: 1054 Unknown column 'idUsuario' in 'where clause'
SELECT * FROM consultas WHERE idUsuario = :idUsuario 

2025-03-24 17:26:32: SQLSTATE[42S22]: Column not found: 1054 Unknown column 'idUsuario' in 'where clause'
SELECT * FROM consultas WHERE idUsuario = :idUsuario 

2025-03-24 17:26:34: SQLSTATE[42S22]: Column not found: 1054 Unknown column 'idUsuario' in 'where clause'
SELECT * FROM consultas WHERE idUsuario = :idUsuario 

2025-03-24 17:28:57: SQLSTATE[HY093]: Invalid parameter number: parameter was not defined
SELECT * FROM consultas WHERE idVeterinario = :idVeterinario 

2025-03-24 17:28:59: SQLSTATE[HY093]: Invalid parameter number: parameter was not defined
SELECT * FROM consultas WHERE idVeterinario = :idVeterinario 

